2017/04/02 11:41:44 [error] [php] date(): It is not safe to rely on the system's timezone settings. You are *required* to use the date.timezone setting or the date_default_timezone_set() function. In case you used any of those methods and you are still getting this warning, you most likely misspelled the timezone identifier. We selected the timezone 'UTC' for now, but please set date.timezone to select your timezone. (/home/www/qmkj/protected/views/layouts/main.php:51)
Stack trace:
#0 /home/www/framework/web/CBaseController.php(95): SiteController->renderInternal()
#1 /home/www/framework/web/widgets/CContentDecorator.php(76): SiteController->renderFile()
#2 /home/www/framework/web/widgets/CContentDecorator.php(54): CContentDecorator->decorate()
#3 /home/www/framework/web/widgets/COutputProcessor.php(44): CContentDecorator->processOutput()
#4 /home/www/framework/web/CBaseController.php(214): CContentDecorator->run()
#5 /home/www/framework/web/CBaseController.php(308): SiteController->endWidget()
#6 /home/www/qmkj/protected/views/layouts/column1.php(6): SiteController->endContent()
#7 /home/www/framework/web/CBaseController.php(126): require()
#8 /home/www/framework/web/CBaseController.php(95): SiteController->renderInternal()
#9 /home/www/framework/web/CController.php(784): SiteController->renderFile()
#10 /home/www/qmkj/protected/controllers/SiteController.php(32): SiteController->render()
#11 /home/www/framework/web/actions/CInlineAction.php(49): SiteController->actionIndex()
#12 /home/www/framework/web/CController.php(308): CInlineAction->runWithParams()
#13 /home/www/framework/web/CController.php(286): SiteController->runAction()
#14 /home/www/framework/web/CController.php(265): SiteController->runActionWithFilters()
#15 /home/www/framework/web/CWebApplication.php(282): SiteController->run()
#16 /home/www/framework/web/CWebApplication.php(141): CWebApplication->runController()
#17 /home/www/framework/base/CApplication.php(185): CWebApplication->processRequest()
#18 /home/www/qmkj/index.php(13): CWebApplication->run()
REQUEST_URI=/qmkj/index.php
in /home/www/qmkj/protected/views/layouts/main.php (51)
in /home/www/qmkj/protected/views/layouts/column1.php (6)
in /home/www/qmkj/protected/controllers/SiteController.php (32)
2017/04/02 11:44:10 [error] [php] date(): It is not safe to rely on the system's timezone settings. You are *required* to use the date.timezone setting or the date_default_timezone_set() function. In case you used any of those methods and you are still getting this warning, you most likely misspelled the timezone identifier. We selected the timezone 'UTC' for now, but please set date.timezone to select your timezone. (/home/www/qmkj/protected/views/layouts/main.php:51)
Stack trace:
#0 /home/www/framework/web/CBaseController.php(95): SiteController->renderInternal()
#1 /home/www/framework/web/widgets/CContentDecorator.php(76): SiteController->renderFile()
#2 /home/www/framework/web/widgets/CContentDecorator.php(54): CContentDecorator->decorate()
#3 /home/www/framework/web/widgets/COutputProcessor.php(44): CContentDecorator->processOutput()
#4 /home/www/framework/web/CBaseController.php(214): CContentDecorator->run()
#5 /home/www/framework/web/CBaseController.php(308): SiteController->endWidget()
#6 /home/www/qmkj/protected/views/layouts/column1.php(6): SiteController->endContent()
#7 /home/www/framework/web/CBaseController.php(126): require()
#8 /home/www/framework/web/CBaseController.php(95): SiteController->renderInternal()
#9 /home/www/framework/web/CController.php(784): SiteController->renderFile()
#10 /home/www/qmkj/protected/controllers/SiteController.php(32): SiteController->render()
#11 /home/www/framework/web/actions/CInlineAction.php(49): SiteController->actionIndex()
#12 /home/www/framework/web/CController.php(308): CInlineAction->runWithParams()
#13 /home/www/framework/web/CController.php(286): SiteController->runAction()
#14 /home/www/framework/web/CController.php(265): SiteController->runActionWithFilters()
#15 /home/www/framework/web/CWebApplication.php(282): SiteController->run()
#16 /home/www/framework/web/CWebApplication.php(141): CWebApplication->runController()
#17 /home/www/framework/base/CApplication.php(185): CWebApplication->processRequest()
#18 /home/www/qmkj/index.php(13): CWebApplication->run()
REQUEST_URI=/qmkj/index.php
in /home/www/qmkj/protected/views/layouts/main.php (51)
in /home/www/qmkj/protected/views/layouts/column1.php (6)
in /home/www/qmkj/protected/controllers/SiteController.php (32)
2017/04/02 11:44:11 [error] [php] date(): It is not safe to rely on the system's timezone settings. You are *required* to use the date.timezone setting or the date_default_timezone_set() function. In case you used any of those methods and you are still getting this warning, you most likely misspelled the timezone identifier. We selected the timezone 'UTC' for now, but please set date.timezone to select your timezone. (/home/www/qmkj/protected/views/layouts/main.php:51)
Stack trace:
#0 /home/www/framework/web/CBaseController.php(95): SiteController->renderInternal()
#1 /home/www/framework/web/widgets/CContentDecorator.php(76): SiteController->renderFile()
#2 /home/www/framework/web/widgets/CContentDecorator.php(54): CContentDecorator->decorate()
#3 /home/www/framework/web/widgets/COutputProcessor.php(44): CContentDecorator->processOutput()
#4 /home/www/framework/web/CBaseController.php(214): CContentDecorator->run()
#5 /home/www/framework/web/CBaseController.php(308): SiteController->endWidget()
#6 /home/www/qmkj/protected/views/layouts/column1.php(6): SiteController->endContent()
#7 /home/www/framework/web/CBaseController.php(126): require()
#8 /home/www/framework/web/CBaseController.php(95): SiteController->renderInternal()
#9 /home/www/framework/web/CController.php(784): SiteController->renderFile()
#10 /home/www/qmkj/protected/controllers/SiteController.php(32): SiteController->render()
#11 /home/www/framework/web/actions/CInlineAction.php(49): SiteController->actionIndex()
#12 /home/www/framework/web/CController.php(308): CInlineAction->runWithParams()
#13 /home/www/framework/web/CController.php(286): SiteController->runAction()
#14 /home/www/framework/web/CController.php(265): SiteController->runActionWithFilters()
#15 /home/www/framework/web/CWebApplication.php(282): SiteController->run()
#16 /home/www/framework/web/CWebApplication.php(141): CWebApplication->runController()
#17 /home/www/framework/base/CApplication.php(185): CWebApplication->processRequest()
#18 /home/www/qmkj/index.php(13): CWebApplication->run()
REQUEST_URI=/qmkj/index.php
in /home/www/qmkj/protected/views/layouts/main.php (51)
in /home/www/qmkj/protected/views/layouts/column1.php (6)
in /home/www/qmkj/protected/controllers/SiteController.php (32)
2017/04/02 11:44:34 [error] [php] date(): It is not safe to rely on the system's timezone settings. You are *required* to use the date.timezone setting or the date_default_timezone_set() function. In case you used any of those methods and you are still getting this warning, you most likely misspelled the timezone identifier. We selected the timezone 'UTC' for now, but please set date.timezone to select your timezone. (/home/www/qmkj/protected/views/layouts/main.php:51)
Stack trace:
#0 /home/www/framework/web/CBaseController.php(95): SiteController->renderInternal()
#1 /home/www/framework/web/widgets/CContentDecorator.php(76): SiteController->renderFile()
#2 /home/www/framework/web/widgets/CContentDecorator.php(54): CContentDecorator->decorate()
#3 /home/www/framework/web/widgets/COutputProcessor.php(44): CContentDecorator->processOutput()
#4 /home/www/framework/web/CBaseController.php(214): CContentDecorator->run()
#5 /home/www/framework/web/CBaseController.php(308): SiteController->endWidget()
#6 /home/www/qmkj/protected/views/layouts/column1.php(6): SiteController->endContent()
#7 /home/www/framework/web/CBaseController.php(126): require()
#8 /home/www/framework/web/CBaseController.php(95): SiteController->renderInternal()
#9 /home/www/framework/web/CController.php(784): SiteController->renderFile()
#10 /home/www/qmkj/protected/controllers/SiteController.php(32): SiteController->render()
#11 /home/www/framework/web/actions/CInlineAction.php(49): SiteController->actionIndex()
#12 /home/www/framework/web/CController.php(308): CInlineAction->runWithParams()
#13 /home/www/framework/web/CController.php(286): SiteController->runAction()
#14 /home/www/framework/web/CController.php(265): SiteController->runActionWithFilters()
#15 /home/www/framework/web/CWebApplication.php(282): SiteController->run()
#16 /home/www/framework/web/CWebApplication.php(141): CWebApplication->runController()
#17 /home/www/framework/base/CApplication.php(185): CWebApplication->processRequest()
#18 /home/www/qmkj/index.php(13): CWebApplication->run()
REQUEST_URI=/qmkj/index.php
in /home/www/qmkj/protected/views/layouts/main.php (51)
in /home/www/qmkj/protected/views/layouts/column1.php (6)
in /home/www/qmkj/protected/controllers/SiteController.php (32)
2017/04/02 11:44:36 [error] [php] date(): It is not safe to rely on the system's timezone settings. You are *required* to use the date.timezone setting or the date_default_timezone_set() function. In case you used any of those methods and you are still getting this warning, you most likely misspelled the timezone identifier. We selected the timezone 'UTC' for now, but please set date.timezone to select your timezone. (/home/www/qmkj/protected/views/layouts/main.php:51)
Stack trace:
#0 /home/www/framework/web/CBaseController.php(95): SiteController->renderInternal()
#1 /home/www/framework/web/widgets/CContentDecorator.php(76): SiteController->renderFile()
#2 /home/www/framework/web/widgets/CContentDecorator.php(54): CContentDecorator->decorate()
#3 /home/www/framework/web/widgets/COutputProcessor.php(44): CContentDecorator->processOutput()
#4 /home/www/framework/web/CBaseController.php(214): CContentDecorator->run()
#5 /home/www/framework/web/CBaseController.php(308): SiteController->endWidget()
#6 /home/www/qmkj/protected/views/layouts/column1.php(6): SiteController->endContent()
#7 /home/www/framework/web/CBaseController.php(126): require()
#8 /home/www/framework/web/CBaseController.php(95): SiteController->renderInternal()
#9 /home/www/framework/web/CController.php(784): SiteController->renderFile()
#10 /home/www/qmkj/protected/controllers/SiteController.php(32): SiteController->render()
#11 /home/www/framework/web/actions/CInlineAction.php(49): SiteController->actionIndex()
#12 /home/www/framework/web/CController.php(308): CInlineAction->runWithParams()
#13 /home/www/framework/web/CController.php(286): SiteController->runAction()
#14 /home/www/framework/web/CController.php(265): SiteController->runActionWithFilters()
#15 /home/www/framework/web/CWebApplication.php(282): SiteController->run()
#16 /home/www/framework/web/CWebApplication.php(141): CWebApplication->runController()
#17 /home/www/framework/base/CApplication.php(185): CWebApplication->processRequest()
#18 /home/www/qmkj/index.php(13): CWebApplication->run()
REQUEST_URI=/qmkj/index.php
in /home/www/qmkj/protected/views/layouts/main.php (51)
in /home/www/qmkj/protected/views/layouts/column1.php (6)
in /home/www/qmkj/protected/controllers/SiteController.php (32)
2017/04/08 08:58:40 [error] [php] Undefined variable: user (F:\wamp\www\qmkj\protected\views\site\valentine.php:22)
Stack trace:
#0 F:\wamp\www\framework\web\CController.php(869): SiteController->renderFile()
#1 F:\wamp\www\qmkj\protected\controllers\SiteController.php(32): SiteController->renderPartial()
#2 F:\wamp\www\framework\web\actions\CInlineAction.php(49): SiteController->actionIndex()
#3 F:\wamp\www\framework\web\CController.php(308): CInlineAction->runWithParams()
#4 F:\wamp\www\framework\web\CController.php(286): SiteController->runAction()
#5 F:\wamp\www\framework\web\CController.php(265): SiteController->runActionWithFilters()
#6 F:\wamp\www\framework\web\CWebApplication.php(282): SiteController->run()
#7 F:\wamp\www\framework\web\CWebApplication.php(141): CWebApplication->runController()
#8 F:\wamp\www\framework\base\CApplication.php(185): CWebApplication->processRequest()
#9 F:\wamp\www\qmkj\index.php(13): CWebApplication->run()
REQUEST_URI=/qmkj/index.php
in F:\wamp\www\qmkj\protected\views\site\valentine.php (22)
in F:\wamp\www\qmkj\protected\controllers\SiteController.php (32)
in F:\wamp\www\qmkj\index.php (13)
2017/04/08 08:58:55 [error] [php] Undefined variable: signPackage (F:\wamp\www\qmkj\protected\views\site\valentine.php:31)
Stack trace:
#0 F:\wamp\www\framework\web\CController.php(869): SiteController->renderFile()
#1 F:\wamp\www\qmkj\protected\controllers\SiteController.php(32): SiteController->renderPartial()
#2 F:\wamp\www\framework\web\actions\CInlineAction.php(49): SiteController->actionIndex()
#3 F:\wamp\www\framework\web\CController.php(308): CInlineAction->runWithParams()
#4 F:\wamp\www\framework\web\CController.php(286): SiteController->runAction()
#5 F:\wamp\www\framework\web\CController.php(265): SiteController->runActionWithFilters()
#6 F:\wamp\www\framework\web\CWebApplication.php(282): SiteController->run()
#7 F:\wamp\www\framework\web\CWebApplication.php(141): CWebApplication->runController()
#8 F:\wamp\www\framework\base\CApplication.php(185): CWebApplication->processRequest()
#9 F:\wamp\www\qmkj\index.php(13): CWebApplication->run()
REQUEST_URI=/qmkj/index.php
in F:\wamp\www\qmkj\protected\views\site\valentine.php (31)
in F:\wamp\www\qmkj\protected\controllers\SiteController.php (32)
in F:\wamp\www\qmkj\index.php (13)
2017/04/08 09:10:17 [error] [exception.CHttpException.404] exception 'CHttpException' with message 'Unable to resolve the request "reading/getRankingList".' in F:\wamp\www\framework\web\CWebApplication.php:286
Stack trace:
#0 F:\wamp\www\framework\web\CWebApplication.php(141): CWebApplication->runController('reading/getRank...')
#1 F:\wamp\www\framework\base\CApplication.php(185): CWebApplication->processRequest()
#2 F:\wamp\www\qmkj\index.php(13): CApplication->run()
#3 {main}
REQUEST_URI=/qmkj/index.php?r=reading/getRankingList&_=1491635417287
HTTP_REFERER=http://localhost/qmkj/index.php
---
2017/04/08 09:10:17 [error] [exception.CHttpException.404] exception 'CHttpException' with message 'Unable to resolve the request "address/getProvinces".' in F:\wamp\www\framework\web\CWebApplication.php:286
Stack trace:
#0 F:\wamp\www\framework\web\CWebApplication.php(141): CWebApplication->runController('address/getProv...')
#1 F:\wamp\www\framework\base\CApplication.php(185): CWebApplication->processRequest()
#2 F:\wamp\www\qmkj\index.php(13): CApplication->run()
#3 {main}
REQUEST_URI=/qmkj/index.php?r=address/getProvinces&_=1491635417285
HTTP_REFERER=http://localhost/qmkj/index.php
---
2017/04/08 09:10:20 [error] [exception.CHttpException.404] exception 'CHttpException' with message 'Unable to resolve the request "address/getProvinces".' in F:\wamp\www\framework\web\CWebApplication.php:286
Stack trace:
#0 F:\wamp\www\framework\web\CWebApplication.php(141): CWebApplication->runController('address/getProv...')
#1 F:\wamp\www\framework\base\CApplication.php(185): CWebApplication->processRequest()
#2 F:\wamp\www\qmkj\index.php(13): CApplication->run()
#3 {main}
REQUEST_URI=/qmkj/index.php?r=address/getProvinces&_=1491635420526
HTTP_REFERER=http://localhost/qmkj/index.php
---
2017/04/08 09:10:20 [error] [exception.CHttpException.404] exception 'CHttpException' with message 'Unable to resolve the request "reading/getRankingList".' in F:\wamp\www\framework\web\CWebApplication.php:286
Stack trace:
#0 F:\wamp\www\framework\web\CWebApplication.php(141): CWebApplication->runController('reading/getRank...')
#1 F:\wamp\www\framework\base\CApplication.php(185): CWebApplication->processRequest()
#2 F:\wamp\www\qmkj\index.php(13): CApplication->run()
#3 {main}
REQUEST_URI=/qmkj/index.php?r=reading/getRankingList&_=1491635420528
HTTP_REFERER=http://localhost/qmkj/index.php
---
2017/04/08 09:13:15 [error] [exception.CHttpException.404] exception 'CHttpException' with message 'Unable to resolve the request "address/getProvinces".' in F:\wamp\www\framework\web\CWebApplication.php:286
Stack trace:
#0 F:\wamp\www\framework\web\CWebApplication.php(141): CWebApplication->runController('address/getProv...')
#1 F:\wamp\www\framework\base\CApplication.php(185): CWebApplication->processRequest()
#2 F:\wamp\www\qmkj\index.php(13): CApplication->run()
#3 {main}
REQUEST_URI=/qmkj/index.php?r=address/getProvinces&_=1491635595503
HTTP_REFERER=http://localhost/qmkj/index.php
---
2017/04/08 09:13:15 [error] [exception.CHttpException.404] exception 'CHttpException' with message 'Unable to resolve the request "reading/getRankingList".' in F:\wamp\www\framework\web\CWebApplication.php:286
Stack trace:
#0 F:\wamp\www\framework\web\CWebApplication.php(141): CWebApplication->runController('reading/getRank...')
#1 F:\wamp\www\framework\base\CApplication.php(185): CWebApplication->processRequest()
#2 F:\wamp\www\qmkj\index.php(13): CApplication->run()
#3 {main}
REQUEST_URI=/qmkj/index.php?r=reading/getRankingList&_=1491635595505
HTTP_REFERER=http://localhost/qmkj/index.php
---
2017/04/08 09:13:17 [error] [exception.CHttpException.404] exception 'CHttpException' with message 'Unable to resolve the request "reading/getRankingList".' in F:\wamp\www\framework\web\CWebApplication.php:286
Stack trace:
#0 F:\wamp\www\framework\web\CWebApplication.php(141): CWebApplication->runController('reading/getRank...')
#1 F:\wamp\www\framework\base\CApplication.php(185): CWebApplication->processRequest()
#2 F:\wamp\www\qmkj\index.php(13): CApplication->run()
#3 {main}
REQUEST_URI=/qmkj/index.php?r=reading/getRankingList&_=1491635597289
HTTP_REFERER=http://localhost/qmkj/index.php
---
2017/04/08 09:13:17 [error] [exception.CHttpException.404] exception 'CHttpException' with message 'Unable to resolve the request "address/getProvinces".' in F:\wamp\www\framework\web\CWebApplication.php:286
Stack trace:
#0 F:\wamp\www\framework\web\CWebApplication.php(141): CWebApplication->runController('address/getProv...')
#1 F:\wamp\www\framework\base\CApplication.php(185): CWebApplication->processRequest()
#2 F:\wamp\www\qmkj\index.php(13): CApplication->run()
#3 {main}
REQUEST_URI=/qmkj/index.php?r=address/getProvinces&_=1491635597288
HTTP_REFERER=http://localhost/qmkj/index.php
---
2017/04/09 15:27:47 [error] [exception.CHttpException.404] exception 'CHttpException' with message 'Unable to resolve the request "index/add".' in F:\wamp\www\framework\web\CWebApplication.php:286
Stack trace:
#0 F:\wamp\www\framework\web\CWebApplication.php(141): CWebApplication->runController('index/add')
#1 F:\wamp\www\framework\base\CApplication.php(185): CWebApplication->processRequest()
#2 F:\wamp\www\qmkj\index.php(13): CApplication->run()
#3 {main}
REQUEST_URI=/qmkj/index.php?r=index/add
---
2017/04/09 15:28:12 [error] [exception.CHttpException.404] exception 'CHttpException' with message 'Unable to resolve the request "index/add".' in F:\wamp\www\framework\web\CWebApplication.php:286
Stack trace:
#0 F:\wamp\www\framework\web\CWebApplication.php(141): CWebApplication->runController('index/add')
#1 F:\wamp\www\framework\base\CApplication.php(185): CWebApplication->processRequest()
#2 F:\wamp\www\qmkj\index.php(13): CApplication->run()
#3 {main}
REQUEST_URI=/qmkj/index.php?r=index/add
---
2017/04/09 15:31:36 [error] [exception.CHttpException.404] exception 'CHttpException' with message 'Unable to resolve the request "index/Add".' in F:\wamp\www\framework\web\CWebApplication.php:286
Stack trace:
#0 F:\wamp\www\framework\web\CWebApplication.php(141): CWebApplication->runController('index/Add')
#1 F:\wamp\www\framework\base\CApplication.php(185): CWebApplication->processRequest()
#2 F:\wamp\www\qmkj\index.php(13): CApplication->run()
#3 {main}
REQUEST_URI=/qmkj/index.php?r=index/Add
---
2017/04/09 15:37:11 [error] [exception.CHttpException.404] exception 'CHttpException' with message 'Unable to resolve the request "index/Add".' in F:\wamp\www\framework\web\CWebApplication.php:286
Stack trace:
#0 F:\wamp\www\framework\web\CWebApplication.php(141): CWebApplication->runController('index/Add')
#1 F:\wamp\www\framework\base\CApplication.php(185): CWebApplication->processRequest()
#2 F:\wamp\www\qmkj\index.php(13): CApplication->run()
#3 {main}
REQUEST_URI=/qmkj/index.php?r=index/Add
---
2017/04/09 15:37:20 [error] [exception.CHttpException.404] exception 'CHttpException' with message 'Unable to resolve the request "index/Add".' in F:\wamp\www\framework\web\CWebApplication.php:286
Stack trace:
#0 F:\wamp\www\framework\web\CWebApplication.php(141): CWebApplication->runController('index/Add')
#1 F:\wamp\www\framework\base\CApplication.php(185): CWebApplication->processRequest()
#2 F:\wamp\www\qmkj\index.php(13): CApplication->run()
#3 {main}
REQUEST_URI=/qmkj/index.php?r=index/Add
---
2017/04/09 15:37:23 [error] [exception.CHttpException.404] exception 'CHttpException' with message 'Unable to resolve the request "index/add".' in F:\wamp\www\framework\web\CWebApplication.php:286
Stack trace:
#0 F:\wamp\www\framework\web\CWebApplication.php(141): CWebApplication->runController('index/add')
#1 F:\wamp\www\framework\base\CApplication.php(185): CWebApplication->processRequest()
#2 F:\wamp\www\qmkj\index.php(13): CApplication->run()
#3 {main}
REQUEST_URI=/qmkj/index.php?r=index/add
---
2017/04/09 15:39:26 [error] [exception.CHttpException.404] exception 'CHttpException' with message 'Unable to resolve the request "index".' in F:\wamp\www\framework\web\CWebApplication.php:286
Stack trace:
#0 F:\wamp\www\framework\web\CWebApplication.php(141): CWebApplication->runController('index')
#1 F:\wamp\www\framework\base\CApplication.php(185): CWebApplication->processRequest()
#2 F:\wamp\www\qmkj\index.php(13): CApplication->run()
#3 {main}
REQUEST_URI=/qmkj/index.php?r=index
---
2017/04/09 15:40:35 [error] [exception.CHttpException.404] exception 'CHttpException' with message 'The system is unable to find the requested action "index".' in F:\wamp\www\framework\web\CController.php:483
Stack trace:
#0 F:\wamp\www\framework\web\CController.php(270): CController->missingAction('')
#1 F:\wamp\www\framework\web\CWebApplication.php(282): CController->run('')
#2 F:\wamp\www\framework\web\CWebApplication.php(141): CWebApplication->runController('log')
#3 F:\wamp\www\framework\base\CApplication.php(185): CWebApplication->processRequest()
#4 F:\wamp\www\qmkj\index.php(13): CApplication->run()
#5 {main}
REQUEST_URI=/qmkj/index.php?r=log
---
2017/04/09 15:41:03 [error] [exception.CHttpException.404] exception 'CHttpException' with message 'The system is unable to find the requested action "add".' in F:\wamp\www\framework\web\CController.php:483
Stack trace:
#0 F:\wamp\www\framework\web\CController.php(270): CController->missingAction('add')
#1 F:\wamp\www\framework\web\CWebApplication.php(282): CController->run('add')
#2 F:\wamp\www\framework\web\CWebApplication.php(141): CWebApplication->runController('log/add')
#3 F:\wamp\www\framework\base\CApplication.php(185): CWebApplication->processRequest()
#4 F:\wamp\www\qmkj\index.php(13): CApplication->run()
#5 {main}
REQUEST_URI=/qmkj/index.php?r=log/add
---
2017/04/09 15:43:59 [error] [exception.CHttpException.400] exception 'CHttpException' with message 'Your request is invalid.' in F:\wamp\www\framework\web\CController.php:336
Stack trace:
#0 F:\wamp\www\framework\web\CController.php(309): CController->invalidActionParams(Object(CInlineAction))
#1 F:\wamp\www\framework\web\CController.php(286): CController->runAction(Object(CInlineAction))
#2 F:\wamp\www\framework\web\CController.php(265): CController->runActionWithFilters(Object(CInlineAction), Array)
#3 F:\wamp\www\framework\web\CWebApplication.php(282): CController->run('add')
#4 F:\wamp\www\framework\web\CWebApplication.php(141): CWebApplication->runController('log/add')
#5 F:\wamp\www\framework\base\CApplication.php(185): CWebApplication->processRequest()
#6 F:\wamp\www\qmkj\index.php(13): CApplication->run()
#7 {main}
REQUEST_URI=/qmkj/index.php?r=log/add
---
2017/04/09 15:44:05 [error] [exception.CHttpException.400] exception 'CHttpException' with message 'Your request is invalid.' in F:\wamp\www\framework\web\CController.php:336
Stack trace:
#0 F:\wamp\www\framework\web\CController.php(309): CController->invalidActionParams(Object(CInlineAction))
#1 F:\wamp\www\framework\web\CController.php(286): CController->runAction(Object(CInlineAction))
#2 F:\wamp\www\framework\web\CController.php(265): CController->runActionWithFilters(Object(CInlineAction), Array)
#3 F:\wamp\www\framework\web\CWebApplication.php(282): CController->run('add')
#4 F:\wamp\www\framework\web\CWebApplication.php(141): CWebApplication->runController('log/add/1')
#5 F:\wamp\www\framework\base\CApplication.php(185): CWebApplication->processRequest()
#6 F:\wamp\www\qmkj\index.php(13): CApplication->run()
#7 {main}
REQUEST_URI=/qmkj/index.php?r=log/add/1
---
2017/04/09 16:50:37 [error] [php] Use of undefined constant id - assumed 'id' (F:\wamp\www\qmkj\protected\controllers\LogController.php:13)
Stack trace:
#0 F:\wamp\www\framework\web\CController.php(286): LogController->runAction()
#1 F:\wamp\www\framework\web\CController.php(265): LogController->runActionWithFilters()
#2 F:\wamp\www\framework\web\CWebApplication.php(282): LogController->run()
#3 F:\wamp\www\framework\web\CWebApplication.php(141): CWebApplication->runController()
#4 F:\wamp\www\framework\base\CApplication.php(185): CWebApplication->processRequest()
#5 F:\wamp\www\qmkj\index.php(13): CWebApplication->run()
REQUEST_URI=/qmkj/index.php?r=log/add/type/2
in F:\wamp\www\qmkj\protected\controllers\LogController.php (13)
in F:\wamp\www\qmkj\index.php (13)
2017/04/09 16:51:20 [error] [php] Indirect modification of overloaded element of Log has no effect (F:\wamp\www\qmkj\protected\controllers\LogController.php:13)
Stack trace:
#0 F:\wamp\www\framework\web\CController.php(286): LogController->runAction()
#1 F:\wamp\www\framework\web\CController.php(265): LogController->runActionWithFilters()
#2 F:\wamp\www\framework\web\CWebApplication.php(282): LogController->run()
#3 F:\wamp\www\framework\web\CWebApplication.php(141): CWebApplication->runController()
#4 F:\wamp\www\framework\base\CApplication.php(185): CWebApplication->processRequest()
#5 F:\wamp\www\qmkj\index.php(13): CWebApplication->run()
REQUEST_URI=/qmkj/index.php?r=log/add/type/2
in F:\wamp\www\qmkj\protected\controllers\LogController.php (13)
in F:\wamp\www\qmkj\index.php (13)
2017/04/09 16:53:48 [error] [exception.CException] exception 'CException' with message 'Property "Log.0" is not defined.' in F:\wamp\www\framework\base\CComponent.php:130
Stack trace:
#0 F:\wamp\www\framework\db\ar\CActiveRecord.php(145): CComponent->__get('0')
#1 F:\wamp\www\framework\base\CModel.php(596): CActiveRecord->__get('0')
#2 F:\wamp\www\qmkj\protected\controllers\LogController.php(18): CModel->offsetGet(0)
#3 F:\wamp\www\framework\web\actions\CInlineAction.php(49): LogController->actionAdd()
#4 F:\wamp\www\framework\web\CController.php(308): CInlineAction->runWithParams(Array)
#5 F:\wamp\www\framework\web\CController.php(286): CController->runAction(Object(CInlineAction))
#6 F:\wamp\www\framework\web\CController.php(265): CController->runActionWithFilters(Object(CInlineAction), Array)
#7 F:\wamp\www\framework\web\CWebApplication.php(282): CController->run('add')
#8 F:\wamp\www\framework\web\CWebApplication.php(141): CWebApplication->runController('log/add/type/2')
#9 F:\wamp\www\framework\base\CApplication.php(185): CWebApplication->processRequest()
#10 F:\wamp\www\qmkj\index.php(13): CApplication->run()
#11 {main}
REQUEST_URI=/qmkj/index.php?r=log/add/type/2
---
2017/04/09 16:57:10 [error] [php] Undefined index: type (F:\wamp\www\qmkj\protected\controllers\LogController.php:11)
Stack trace:
#0 F:\wamp\www\framework\web\CController.php(286): LogController->runAction()
#1 F:\wamp\www\framework\web\CController.php(265): LogController->runActionWithFilters()
#2 F:\wamp\www\framework\web\CWebApplication.php(282): LogController->run()
#3 F:\wamp\www\framework\web\CWebApplication.php(141): CWebApplication->runController()
#4 F:\wamp\www\framework\base\CApplication.php(185): CWebApplication->processRequest()
#5 F:\wamp\www\qmkj\index.php(13): CWebApplication->run()
REQUEST_URI=/qmkj/index.php?r=log/add/type1
in F:\wamp\www\qmkj\protected\controllers\LogController.php (11)
in F:\wamp\www\qmkj\index.php (13)
